Report for LogisticRegression()
LogisticRegression() Confusion  matrix:
[[7831 1744]
 [2279 6475]]

LogisticRegression() accuracy mean: 0.7809666276834222
LogisticRegression() accuracy std dev: 0.006814735018165124
LogisticRegression() preciosn score: 0.7878087358559436
LogisticRegression() recall score: 0.7396618688599498
LogisticRegression() f1 score: 0.7629764920756495
LogisticRegression() AUC: 0.7787604383464239

Classification report: 
              precision    recall  f1-score   support

           0       0.77      0.82      0.80      9575
           1       0.79      0.74      0.76      8754

    accuracy                           0.78     18329
   macro avg       0.78      0.78      0.78     18329
weighted avg       0.78      0.78      0.78     18329

Time taken: 0.705960750579834
**************************************************
Report for KNeighborsClassifier()
KNeighborsClassifier() Confusion  matrix:
[[7448 2127]
 [  77 8677]]

KNeighborsClassifier() accuracy mean: 0.8678599191056332
KNeighborsClassifier() accuracy std dev: 0.005596352590807921
KNeighborsClassifier() preciosn score: 0.8031284709366902
KNeighborsClassifier() recall score: 0.9912040210189628
KNeighborsClassifier() f1 score: 0.887309540852848
KNeighborsClassifier() AUC: 0.8845315144259305

Classification report: 
              precision    recall  f1-score   support

           0       0.99      0.78      0.87      9575
           1       0.80      0.99      0.89      8754

    accuracy                           0.88     18329
   macro avg       0.90      0.88      0.88     18329
weighted avg       0.90      0.88      0.88     18329

Time taken: 33.175477504730225
**************************************************
Report for SVC()
SVC() Confusion  matrix:
[[7597 1978]
 [1636 7118]]

SVC() accuracy mean: 0.80060761403029
SVC() accuracy std dev: 0.005198100585803221
SVC() preciosn score: 0.7825417766051012
SVC() recall score: 0.8131140050262737
SVC() f1 score: 0.7975350140056022
SVC() AUC: 0.8032671852807609

Classification report: 
              precision    recall  f1-score   support

           0       0.82      0.79      0.81      9575
           1       0.78      0.81      0.80      8754

    accuracy                           0.80     18329
   macro avg       0.80      0.80      0.80     18329
weighted avg       0.80      0.80      0.80     18329

Time taken: 1046.0101635456085
**************************************************
Report for GaussianNB()
GaussianNB() Confusion  matrix:
[[7659 1916]
 [3377 5377]]

GaussianNB() accuracy mean: 0.7112412250489539
GaussianNB() accuracy std dev: 0.006351729548082639
GaussianNB() preciosn score: 0.7372823255176196
GaussianNB() recall score: 0.6142334932602239
GaussianNB() f1 score: 0.6701564155293824
GaussianNB() AUC: 0.7070645273089631

Classification report: 
              precision    recall  f1-score   support

           0       0.69      0.80      0.74      9575
           1       0.74      0.61      0.67      8754

    accuracy                           0.71     18329
   macro avg       0.72      0.71      0.71     18329
weighted avg       0.71      0.71      0.71     18329

Time taken: 0.387906551361084
**************************************************
Report for DecisionTreeClassifier(criterion='entropy')
DecisionTreeClassifier(criterion='entropy') Confusion  matrix:
[[8593  982]
 [   0 8754]]

DecisionTreeClassifier(criterion='entropy') accuracy mean: 0.9393857714531382
DecisionTreeClassifier(criterion='entropy') accuracy std dev: 0.0026804679634624315
DecisionTreeClassifier(criterion='entropy') preciosn score: 0.8991372226787182
DecisionTreeClassifier(criterion='entropy') recall score: 1.0
DecisionTreeClassifier(criterion='entropy') f1 score: 0.9468902109248243
DecisionTreeClassifier(criterion='entropy') AUC: 0.9487206266318539

Classification report: 
              precision    recall  f1-score   support

           0       1.00      0.90      0.95      9575
           1       0.90      1.00      0.95      8754

    accuracy                           0.95     18329
   macro avg       0.95      0.95      0.95     18329
weighted avg       0.95      0.95      0.95     18329

Time taken: 2.796778440475464
**************************************************
Report for RandomForestClassifier(criterion='entropy', n_estimators=10)
RandomForestClassifier(criterion='entropy', n_estimators=10) Confusion  matrix:
[[8906  669]
 [   6 8748]]

RandomForestClassifier(criterion='entropy', n_estimators=10) accuracy mean: 0.956826241961649
RandomForestClassifier(criterion='entropy', n_estimators=10) accuracy std dev: 0.0020170941318512123
RandomForestClassifier(criterion='entropy', n_estimators=10) preciosn score: 0.9289582669640013
RandomForestClassifier(criterion='entropy', n_estimators=10) recall score: 0.9993145990404386
RandomForestClassifier(criterion='entropy', n_estimators=10) f1 score: 0.962852897473997
RandomForestClassifier(criterion='entropy', n_estimators=10) AUC: 0.9647225736716554

Classification report: 
              precision    recall  f1-score   support

           0       1.00      0.93      0.96      9575
           1       0.93      1.00      0.96      8754

    accuracy                           0.96     18329
   macro avg       0.96      0.96      0.96     18329
weighted avg       0.97      0.96      0.96     18329

Time taken: 5.65453577041626
**************************************************
Report for GradientBoostingClassifier(learning_rate=1.0)
GradientBoostingClassifier(learning_rate=1.0) Confusion  matrix:
[[7809 1766]
 [1362 7392]]

GradientBoostingClassifier(learning_rate=1.0) accuracy mean: 0.8234674864989178
GradientBoostingClassifier(learning_rate=1.0) accuracy std dev: 0.005362135373250827
GradientBoostingClassifier(learning_rate=1.0) preciosn score: 0.8071631360559074
GradientBoostingClassifier(learning_rate=1.0) recall score: 0.8444139821795751
GradientBoostingClassifier(learning_rate=1.0) f1 score: 0.825368468066101
GradientBoostingClassifier(learning_rate=1.0) AUC: 0.8299876699409625

Classification report: 
              precision    recall  f1-score   support

           0       0.85      0.82      0.83      9575
           1       0.81      0.84      0.83      8754

    accuracy                           0.83     18329
   macro avg       0.83      0.83      0.83     18329
weighted avg       0.83      0.83      0.83     18329

Time taken: 80.86230087280273
**************************************************
Report for AdaBoostClassifier()
AdaBoostClassifier() Confusion  matrix:
[[7700 1875]
 [1899 6855]]

AdaBoostClassifier() accuracy mean: 0.7908780696328199
AdaBoostClassifier() accuracy std dev: 0.006069644152580933
AdaBoostClassifier() preciosn score: 0.7852233676975945
AdaBoostClassifier() recall score: 0.7830705962988348
AdaBoostClassifier() f1 score: 0.7841455044612217
AdaBoostClassifier() AUC: 0.7936240709953704

Classification report: 
              precision    recall  f1-score   support

           0       0.80      0.80      0.80      9575
           1       0.79      0.78      0.78      8754

    accuracy                           0.79     18329
   macro avg       0.79      0.79      0.79     18329
weighted avg       0.79      0.79      0.79     18329

Time taken: 23.701871871948242
**************************************************
